Arguments: 
  C:\Program Files\nodejs\node.exe C:\Program Files (x86)\Yarn\bin\yarn.js

PATH: 
  C:\Users\reyre\bin;C:\Program Files\Git\mingw64\bin;C:\Program Files\Git\usr\local\bin;C:\Program Files\Git\usr\bin;C:\Program Files\Git\usr\bin;C:\Program Files\Git\mingw64\bin;C:\Program Files\Git\usr\bin;C:\Users\reyre\bin;C:\Program Files (x86)\Intel\iCLS Client;C:\Program Files\Intel\iCLS Client;C:\Windows\system32;C:\Windows;C:\Windows\System32\Wbem;C:\Windows\System32\WindowsPowerShell\v1.0;C:\Program Files (x86)\Intel\Intel(R) Management Engine Components\DAL;C:\Program Files\Intel\Intel(R) Management Engine Components\DAL;C:\Program Files (x86)\Intel\Intel(R) Management Engine Components\IPT;C:\Program Files\Intel\Intel(R) Management Engine Components\IPT;C:\Program Files (x86)\NVIDIA Corporation\PhysX\Common;C:\Program Files\Intel\WiFi\bin;C:\Program Files\Common Files\Intel\WirelessCommon;C:\Program Files\Git\cmd;C:\Program Files (x86)\Yarn\bin;C:\WINDOWS\system32;C:\WINDOWS;C:\WINDOWS\System32\Wbem;C:\WINDOWS\System32\WindowsPowerShell\v1.0;C:\WINDOWS\System32\OpenSSH;C:\Program Files\PostgreSQL\12\bin;C:\Program Files\PostgreSQL\12\lib;C:\ProgramData\chocolatey\bin;C:\Program Files\nodejs;C:\Program Files\OpenJDK\openjdk-8u262-b10\bin;C:\Program Files\cmake-3.16.0-rc2-win64-x64\bin;C:\Users\reyre\AppData\Local\Programs\Python\Python38-32\Scripts;C:\Users\reyre\AppData\Local\Programs\Python\Python38-32;C:\Ruby200-x64\bin;C:\Ruby23-x64\bin;C:\Ruby24-x64\bin;C:\Program Files\MySQL\MySQL Shell 8.0\bin;C:\Users\reyre\AppData\Local\Microsoft\WindowsApps;C:\Users\reyre\AppData\Local\Programs\Microsoft VS Code\bin;C:\Users\reyre\AppData\Local\Yarn\bin;C:\Program Files\heroku\bin;C:\Users\reyre\AppData\Roaming\npm;C:\Users\reyre\watchman\windows\bin;C:\Program Files\MongoDB\Server\4.4\bin;C:\Program Files\Git\usr\bin\vendor_perl;C:\Program Files\Git\usr\bin\core_perl

Yarn version: 
  1.17.3

Node version: 
  14.8.0

Platform: 
  win32 x64

Trace: 
  Error: https://registry.yarnpkg.com/@material-ui/icons/-/icons-4.11.2.tgz: ESOCKETTIMEDOUT
      at ClientRequest.<anonymous> (C:\Program Files (x86)\Yarn\lib\cli.js:141091:19)
      at Object.onceWrapper (events.js:420:28)
      at ClientRequest.emit (events.js:314:20)
      at TLSSocket.emitRequestTimeout (_http_client.js:769:9)
      at Object.onceWrapper (events.js:420:28)
      at TLSSocket.emit (events.js:326:22)
      at TLSSocket.Socket._onTimeout (net.js:483:8)
      at listOnTimeout (internal/timers.js:551:17)
      at processTimers (internal/timers.js:494:7)

npm manifest: 
  {
    "name": "thefront",
    "author": "maccarian agency",
    "email": "hi@maccarianagency.com",
    "version": "1.0.3",
    "private": true,
    "scripts": {
      "start": "react-scripts start",
      "build": "GENERATE_SOURCEMAP=false react-scripts build",
      "test": "react-scripts test",
      "eject": "react-scripts eject",
      "prettier": "prettier --write '**/*.{js,css,html}'",
      "styleguide": "styleguidist server",
      "styleguide:build": "styleguidist build",
      "assets": "rimraf ./public/images && cp-cli ./node_modules/thefront-assets/images ./public/images",
      "postinstall": "npm run assets"
    },
    "eslintConfig": {
      "extends": "react-app"
    },
    "browserslist": {
      "production": [
        ">0.2%",
        "not dead",
        "not op_mini all"
      ],
      "development": [
        "last 1 chrome version",
        "last 1 firefox version",
        "last 1 safari version"
      ]
    },
    "dependencies": {
      "@date-io/date-fns": "^1.3.13",
      "@material-ui/core": "^4.2.1",
      "@material-ui/icons": "^4.2.1",
      "@material-ui/lab": "^4.0.0-alpha.39",
      "@material-ui/pickers": "^3.2.10",
      "@material-ui/styles": "^4.2.1",
      "aos": "^2.3.4",
      "clsx": "^1.0.4",
      "history": "^4.9.0",
      "jarallax": "^1.12.1",
      "leaflet": "^1.6.0",
      "node-sass": "^4.14.1",
      "npm": "^6.14.7",
      "prop-types": "^15.7.2",
      "react": "^16.13.1",
      "react-cookie-consent": "^3.0.0",
      "react-countup": "^4.3.3",
      "react-dom": "^16.8.6",
      "react-lazy-load-image-component": "^1.5.0",
      "react-leaflet": "^2.7.0",
      "react-router-dom": "^5.0.1",
      "react-scripts": "^3.4.1",
      "react-typed": "^1.2.0",
      "react-visibility-sensor": "^5.1.1",
      "start": "^5.1.0",
      "swiper": "^5.4.1",
      "thefront-assets": "git+https://github.com/gevorgmakaryan/thefront-assets.git#1.0.7",
      "validate.js": "^0.13.1"
    },
    "devDependencies": {
      "cp-cli": "^2.0.0",
      "eslint-plugin-prettier": "^3.0.1",
      "eslint-plugin-react": "^7.12.4",
      "prettier": "^1.19.1",
      "prettier-eslint": "^8.8.2",
      "prettier-eslint-cli": "^5.0.0",
      "react-docgen": "^5.3.0",
      "react-styleguidist": "^11.0.8",
      "rimraf": "^3.0.2",
      "typescript": "^3.5.1"
    }
  }

yarn manifest: 
  No manifest

Lockfile: 
  No lockfile
